-------------------------------------------------------------------------------
Test set: org.maksu.Test_Checkboxes
-------------------------------------------------------------------------------
Tests run: 4, Failures: 0, Errors: 4, Skipped: 0, Time elapsed: 0.027 s <<< FAILURE! - in org.maksu.Test_Checkboxes
org.maksu.Test_Login  Time elapsed: 0.026 s  <<< ERROR!
java.lang.NullPointerException

org.maksu.Test_Checkboxes  Time elapsed: 0.027 s  <<< ERROR!
java.lang.NullPointerException

org.maksu.Test_Input  Time elapsed: 0.027 s  <<< ERROR!
java.lang.NullPointerException

org.maksu.Test_Broken_Images  Time elapsed: 0.027 s  <<< ERROR!
java.lang.NullPointerException

